#
# There is insufficient memory for the Java Runtime Environment to continue.
# Native memory allocation (mmap) failed to map 255852544 bytes for G1 virtual space
# Possible reasons:
#   The system is out of physical RAM or swap space
#   The process is running with CompressedOops enabled, and the Java Heap may be blocking the growth of the native heap
# Possible solutions:
#   Reduce memory load on the system
#   Increase physical memory or swap space
#   Check if swap backing store is full
#   Decrease Java heap size (-Xmx/-Xms)
#   Decrease number of Java threads
#   Decrease Java thread stack sizes (-Xss)
#   Set larger code cache with -XX:ReservedCodeCacheSize=
#   JVM is running with Zero Based Compressed Oops mode in which the Java heap is
#     placed in the first 32GB address space. The Java Heap base address is the
#     maximum limit for the native heap growth. Please use -XX:HeapBaseMinAddress
#     to set the Java Heap base and to place the Java Heap above 32GB virtual address.
# This output file may be truncated or incomplete.
#
#  Out of Memory Error (os_windows.cpp:3825), pid=63476, tid=75192
#
# JRE version:  (17.0.10+1) (build )
# Java VM: OpenJDK 64-Bit Server VM (17.0.10+1-b1087.17, mixed mode, sharing, tiered, compressed oops, compressed class ptrs, g1 gc, windows-amd64)
# No core dump will be written. Minidumps are not enabled by default on client versions of Windows
#

---------------  S U M M A R Y ------------

Command Line: git4idea.http.GitAskPassApp Username for 'https://github.com': 

Host: AMD Ryzen 7 7735HS with Radeon Graphics        , 16 cores, 15G,  Windows 11 , 64 bit Build 22621 (10.0.22621.3235)
Time: Mon Apr 15 16:34:35 2024 Paris, Madrid (heure duild 22621 (10.0.22621.3235) elapsed time: 0.010202 seconds (0d 0h 0m 0s)

---------------  T H R E A D  ---------------

Current thread (0x000001abd166eaf0):  JavaThread "Unknown thread" [_thread_in_vm, id=75192, stack(0x0000009b6c400000,0x0000009b6c500000)]

Stack: [0x0000009b6c400000,0x0000009b6c500000]
Native frames: (J=compiled Java code, j=interpreted, Vv=VM code, C=native code)
V  [jvm.dll+0x688ac9]
V  [jvm.dll+0x84220a]
V  [jvm.dll+0x843e4e]
V  [jvm.dll+0x8444b3]
V  [jvm.dll+0x24ba8f]
V  [jvm.dll+0x685899]
V  [jvm.dll+0x67a14a]
V  [jvm.dll+0x30c7eb]
V  [jvm.dll+0x313c96]
V  [jvm.dll+0x363a2e]
V  [jvm.dll+0x363c5f]
V  [jvm.dll+0x2e25b8]
V  [jvm.dll+0x2e3524]
V  [jvm.dll+0x812d71]
V  [jvm.dll+0x3718e1]
V  [jvm.dll+0x7f18d6]
V  [jvm.dll+0x3f553f]
V  [jvm.dll+0x3f7171]
C  [jli.dll+0x528f]
C  [ucrtbase.dll+0x29363]
C  [KERNEL32.DLL+0x1257d]
C  [ntdll.dll+0x5aa58]


---------------  P R O C E S S  ---------------

Threads class SMR info:
_java_thread_list=0x00007ff8356aef58, length=0, elements={
}

Java Threads: ( => current thread )

Other Threads:
  0x000001abd16d75d0 GCTaskThread "GC Thread#0" [stack: 0x0000009b6c500000,0x0000009b6c600000] [id=65264]
  0x000001abd16e7830 ConcurrentGCThread "G1 Main Marker" [stack: 0x0000009b6c600000,0x0000009b6c700000] [id=75584]
  0x000001abd16e8900 ConcurrentGCThread "G1 Conc#0" [stack: 0x0000009b6c700000,0x0000009b6c800000] [id=71900]

[error occurred during error reporting (printing all threads), id 0xc0000005, EXCEPTION_ACCESS_VIOLATION (0xc0000005) at pc=0x00007ff834e63187]

VM state: not at safepoint (not fully initialized)

VM Mutex/Monitor currently owned by a thread:  ([mutex/lock_event])
[0x000001abd166adc0] Heap_lock - owner thread: 0x000001abd166eaf0

Heap address: 0x000000070c000000, size: 3904 MB, Compressed Oops mode: Zero based, Oop shift amount: 3

CDS archive(s) mapped at: [0x0000000000000000-0x0000000000000000-0x0000000000000000), size 0, SharedBaseAddress: 0x0000000800000000, ArchiveRelocationMode: 1.
Narrow klass base: 0x0000000000000000, Narrow klass shift: 0, Narrow klass range: 0x0

GC Precious Log:
<Empty>

Heap:
 garbage-first heap   total 0K, used 0K [0x000000070c000000, 0x0000000800000000)
  region size 2048K, 0 young (0K), 0 survivors (0K)
 Metaspace       used 0K, committed 0K, reserved 0K
  class space    used 0K, committed 0K, reserved 0K

Heap Regions: E=young(eden), S=young(survivor), O=old, HS=humongous(starts), HC=humongous(continues), CS=collection set, F=free, OA=open archive, CA=closed archive, TAMS=top-at-mark-start (previous, next)

Card table byte_map: [0x000001abe4e00000,0x000001abe55a0000] _byte_map_base: 0x000001abe15a0000

Marking Bits (Prev, Next): (CMBitMap*) 0x000001abd16d7b00, (CMBitMap*) 0x000001abd16d7b40
 Prev Bits: [0x000001abe5d40000, 0x000001abe9a40000)
 Next Bits: [0x000001abe9a40000, 0x000001abed740000)

GC Heap History (0 events):
No events

Dll operation events (1 events):
Event: 0.006 Loaded shared library C:\Program Files\JetBrains\IntelliJ IDEA 2023.3.4\jbr\bin\java.dll

Deoptimization events (0 events):
No events

Classes unloaded (0 events):
No events

Classes redefined (0 events):
No events

Internal exceptions (0 events):
No events

VM Operations (0 events):
No events

Events (0 events):
No events


Dynamic libraries:
0x00007ff6e36a0000 - 0x00007ff6e36aa000 	C:\Program Files\JetBrains\IntelliJ IDEA 2023.3.4\jbr\bin\java.exe
0x00007ff8c6ab0000 - 0x00007ff8c6cc6000 	C:\Windows\SYSTEM32\ntdll.dll
0x00007ff8c5710000 - 0x00007ff8c57d4000 	C:\Windows\System32\KERNEL32.DLL
0x00007ff8c4070000 - 0x00007ff8c4416000 	C:\Windows\System32\KERNELBASE.dll
0x00007ff8c3df0000 - 0x00007ff8c3f01000 	C:\Windows\System32\ucrtbase.dll
0x00007ff888a40000 - 0x00007ff888a5b000 	C:\Program Files\JetBrains\IntelliJ IDEA 2023.3.4\jbr\bin\VCRUNTIME140.dll
0x00007ff89c9c0000 - 0x00007ff89c9d7000 	C:\Program Files\JetBrains\IntelliJ IDEA 2023.3.4\jbr\bin\jli.dll
0x00007ff8c5000000 - 0x00007ff8c51ad000 	C:\Windows\System32\USER32.dll
0x00007ff8c3fd0000 - 0x00007ff8c3ff6000 	C:\Windows\System32\win32u.dll
0x00007ff8ba950000 - 0x00007ff8babe3000 	C:\Windows\WinSxS\amd64_microsoft.windows.common-controls_6595b64144ccf1df_6.0.22621.3235_none_270f74e173860f98\COMCTL32.dll
0x00007ff8c4e60000 - 0x00007ff8c4e89000 	C:\Windows\System32\GDI32.dll
0x00007ff8c4420000 - 0x00007ff8c4538000 	C:\Windows\System32\gdi32full.dll
0x00007ff8c46e0000 - 0x00007ff8c477a000 	C:\Windows\System32\msvcp_win.dll
0x00007ff8c48b0000 - 0x00007ff8c4957000 	C:\Windows\System32\msvcrt.dll
0x00007ff8c5e10000 - 0x00007ff8c5e41000 	C:\Windows\System32\IMM32.DLL
0x00007ff8b3340000 - 0x00007ff8b334c000 	C:\Program Files\JetBrains\IntelliJ IDEA 2023.3.4\jbr\bin\vcruntime140_1.dll
0x00007ff865be0000 - 0x00007ff865c6d000 	C:\Program Files\JetBrains\IntelliJ IDEA 2023.3.4\jbr\bin\msvcp140.dll
0x00007ff834b70000 - 0x00007ff8357f3000 	C:\Program Files\JetBrains\IntelliJ IDEA 2023.3.4\jbr\bin\server\jvm.dll
0x00007ff8c69b0000 - 0x00007ff8c6a62000 	C:\Windows\System32\ADVAPI32.dll
0x00007ff8c4800000 - 0x00007ff8c48a8000 	C:\Windows\System32\sechost.dll
0x00007ff8c4540000 - 0x00007ff8c4568000 	C:\Windows\System32\bcrypt.dll
0x00007ff8c4ee0000 - 0x00007ff8c4ff5000 	C:\Windows\System32\RPCRT4.dll
0x00007ff896db0000 - 0x00007ff896db9000 	C:\Windows\SYSTEM32\WSOCK32.dll
0x00007ff8c2c40000 - 0x00007ff8c2c8d000 	C:\Windows\SYSTEM32\POWRPROF.dll
0x00007ff8c4960000 - 0x00007ff8c49d1000 	C:\Windows\System32\WS2_32.dll
0x00007ff8bc420000 - 0x00007ff8bc454000 	C:\Windows\SYSTEM32\WINMM.dll
0x00007ff8ba940000 - 0x00007ff8ba94a000 	C:\Windows\SYSTEM32\VERSION.dll
0x00007ff8c2c20000 - 0x00007ff8c2c33000 	C:\Windows\SYSTEM32\UMPDC.dll
0x00007ff8c2e80000 - 0x00007ff8c2e98000 	C:\Windows\SYSTEM32\kernel.appcore.dll
0x00007ff8c1550000 - 0x00007ff8c155a000 	C:\Program Files\JetBrains\IntelliJ IDEA 2023.3.4\jbr\bin\jimage.dll
0x00007ff8c12f0000 - 0x00007ff8c1523000 	C:\Windows\SYSTEM32\DBGHELP.DLL
0x00007ff8c5920000 - 0x00007ff8c5ca8000 	C:\Windows\System32\combase.dll
0x00007ff8c5220000 - 0x00007ff8c52f7000 	C:\Windows\System32\OLEAUT32.dll
0x00007ff8b22c0000 - 0x00007ff8b22f2000 	C:\Windows\SYSTEM32\dbgcore.DLL
0x00007ff8c4780000 - 0x00007ff8c47fa000 	C:\Windows\System32\bcryptPrimitives.dll
0x00007ff8ab910000 - 0x00007ff8ab935000 	C:\Program Files\JetBrains\IntelliJ IDEA 2023.3.4\jbr\bin\java.dll

dbghelp: loaded successfully - version: 4.0.5 - missing functions: none
symbol engine: initialized successfully - sym options: 0x614 - pdb path: .;C:\Program Files\JetBrains\IntelliJ IDEA 2023.3.4\jbr\bin;C:\Windows\SYSTEM32;C:\Windows\WinSxS\amd64_microsoft.windows.common-controls_6595b64144ccf1df_6.0.22621.3235_none_270f74e173860f98;C:\Program Files\JetBrains\IntelliJ IDEA 2023.3.4\jbr\bin\server

VM Arguments:
java_command: git4idea.http.GitAskPassApp Username for 'https://github.com': 
java_class_path (initial): C:/Program Files/JetBrains/IntelliJ IDEA 2023.3.4/plugins/vcs-git/lib/git4idea-rt.jar;C:/Program Files/JetBrains/IntelliJ IDEA 2023.3.4/lib/externalProcess-rt.jar
Launcher Type: SUN_STANDARD

[Global flags]
     intx CICompilerCount                          = 12                                        {product} {ergonomic}
     uint ConcGCThreads                            = 3                                         {product} {ergonomic}
     uint G1ConcRefinementThreads                  = 13                                        {product} {ergonomic}
   size_t G1HeapRegionSize                         = 2097152                                   {product} {ergonomic}
    uintx GCDrainStackTargetSize                   = 64                                        {product} {ergonomic}
   size_t InitialHeapSize                          = 255852544                                 {product} {ergonomic}
   size_t MarkStackSize                            = 4194304                                   {product} {ergonomic}
   size_t MaxHeapSize                              = 4093640704                                {product} {ergonomic}
   size_t MinHeapDeltaBytes                        = 2097152                                   {product} {ergonomic}
   size_t MinHeapSize                              = 8388608                                   {product} {ergonomic}
    uintx NonNMethodCodeHeapSize                   = 7602480                                {pd product} {ergonomic}
    uintx NonProfiledCodeHeapSize                  = 122027880                              {pd product} {ergonomic}
    uintx ProfiledCodeHeapSize                     = 122027880                              {pd product} {ergonomic}
    uintx ReservedCodeCacheSize                    = 251658240                              {pd product} {ergonomic}
     bool SegmentedCodeCache                       = true                                      {product} {ergonomic}
   size_t SoftMaxHeapSize                          = 4093640704                             {manageable} {ergonomic}
     bool UseCompressedClassPointers               = true                           {product lp64_product} {ergonomic}
     bool UseCompressedOops                        = true                           {product lp64_product} {ergonomic}
     bool UseG1GC                                  = true                                      {product} {ergonomic}
     bool UseLargePagesIndividualAllocation        = false                                  {pd product} {ergonomic}

Logging:
Log output configuration:
 #0: stdout all=warning uptime,level,tags
 #1: stderr all=off uptime,level,tags

Environment Variables:
PATH=C:/Program Files/Git/mingw64/libexec/git-core;C:/Program Files/Git/mingw64/libexec/git-core;C:\Program Files\Git\mingw64\bin;C:\Program Files\Git\usr\bin;C:\Users\derhi\bin;C:\Program Files\Common Files\Oracle\Java\javapath;C:\Program Files\OpenLogic\jre-17.0.9.9-hotspot\bin;C:\Windows\system32;C:\Windows;C:\Windows\System32\Wbem;C:\Windows\System32\WindowsPowerShell\v1.0\;C:\Windows\System32\OpenSSH\;C:\Program Files (x86)\NVIDIA Corporation\PhysX\Common;C:\Program Files\NVIDIA Corporation\NVIDIA NvDLISR;C:\Program Files\nodejs\;C:\Program Files\dotnet\;C:\Program Files\Git\cmd;C:\apache-maven-3.9.6\bin;C:\Users\derhi\anaconda3;C:\Users\derhi\anaconda3\Library\mingw-w64\bin;C:\Users\derhi\anaconda3\Library\usr\bin;C:\Users\derhi\anaconda3\Library\bin;C:\Users\derhi\anaconda3\Scripts;C:\Users\derhi\AppData\Local\Programs\Python\Python312\Scripts\;C:\Users\derhi\AppData\Local\Programs\Python\Python312\;C:\Users\derhi\AppData\Local\Programs\Python\Launcher\;C:\Users\derhi\AppData\Local\Microsoft\WindowsApps;C:\Users\derhi\AppData\Local\Programs\Microsoft VS Code\bin;C:\Users\derhi\AppData\Roaming\npm;C:\Users\derhi\AppData\Local\Google\Cloud SDK\google-cloud-sdk\bin;C:\Program Files\JetBrains\IntelliJ IDEA 2023.3.4\bin;C:\Users\derhi\AppData\Local\gitkraken\bin
USERNAME=derhi
DISPLAY=:0.0
LC_ALL=en_US.UTF-8
TERM=xterm-256color
TMPDIR=C:\Users\derhi\AppData\Local\Temp
OS=Windows_NT
PROCESSOR_IDENTIFIER=AMD64 Family 25 Model 68 Stepping 1, AuthenticAMD
TMP=C:\Users\derhi\AppData\Local\Temp
TEMP=C:\Users\derhi\AppData\Local\Temp



Periodic native trim disabled

JNI global refs:
JNI global refs: 0, weak refs: 0

JNI global refs memory usage: 0, weak refs: 0

OOME stack traces (most recent first):
Classloader memory used:


---------------  S Y S T E M  ---------------

OS:
 Windows 11 , 64 bit Build 22621 (10.0.22621.3235)
OS uptime: 10 days 21:00 hours
Hyper-V role detected

CPU: total 16 (initial active 16) (16 cores per cpu, 2 threads per core) family 25 model 68 stepping 1 microcode 0x0, cx8, cmov, fxsr, ht, mmx, 3dnowpref, sse, sse2, sse3, ssse3, sse4a, sse4.1, sse4.2, popcnt, lzcnt, tsc, tscinvbit, avx, avx2, aes, erms, clmul, bmi1, bmi2, adx, sha, fma, vzeroupper, clflush, clflushopt, hv
Processor Information for all 16 processors :
  Max Mhz: 3201, Current Mhz: 3201, Mhz Limit: 3201

Memory: 4k page, system-wide physical 15610M (1961M free)
TotalPageFile size 62714M (AvailPageFile size 204M)
current process WorkingSet (physical memory assigned to process): 11M, peak: 11M
current process commit charge ("private bytes"): 70M, peak: 314M

vm_info: OpenJDK 64-Bit Server VM (17.0.10+1-b1087.17) for windows-amd64 JRE (17.0.10+1-b1087.17), built on 2024-01-19 by "builduser" with MS VC++ 16.10 / 16.11 (VS2019)

END.
